<?xml version="1.0" encoding="UTF-8"?>
<testsuite xmlns:xsi="http://www.w3.org/2001/XMLSchema-instance" xsi:noNamespaceSchemaLocation="https://maven.apache.org/surefire/maven-surefire-plugin/xsd/surefire-test-report.xsd" name="TestSuite" time="44.118" tests="3" errors="0" skipped="0" failures="0">
  <properties>
[...]
</properties>
  <testcase name="createTasks" classname="viamaven.TC_Tasks_003_Test" time="4.393"/>
  <testcase name="createTasks" classname="viamaven.TC_Tasks_001_Test" time="15.71"/>
  <testcase name="createTasks" classname="viamaven.TC_Tasks_005_Test" time="14.057"/>
</testsuite>