<?xml version="1.0" encoding="UTF-8"?>
<testng-results ignored="0" total="3" passed="3" failed="0" skipped="0">
  <reporter-output>
    <line>
      <![CDATA[close]]>
    </line>
    <line>
      <![CDATA[close]]>
    </line>
    <line>
      <![CDATA[close]]>
    </line>
  </reporter-output>
  <suite started-at="2022-08-03T12:21:56 IST" name="Suite" finished-at="2022-08-03T12:22:39 IST" duration-ms="43084">
    <groups>
    </groups>
    <test started-at="2022-08-03T12:21:56 IST" name="Test" finished-at="2022-08-03T12:22:39 IST" duration-ms="43084">
      <class name="viamaven.TC_Tasks_001_Test">
        <test-method is-config="true" signature="Browser_setup()[pri:0, instance:viamaven.TC_Tasks_001_Test@3eb25e1a]" started-at="2022-08-03T12:22:04 IST" name="Browser_setup" finished-at="2022-08-03T12:22:06 IST" duration-ms="1545" status="PASS">
          <reporter-output>
          </reporter-output>
        </test-method> <!-- Browser_setup -->
        <test-method signature="createTasks()[pri:0, instance:viamaven.TC_Tasks_001_Test@3eb25e1a]" started-at="2022-08-03T12:22:06 IST" name="createTasks" finished-at="2022-08-03T12:22:21 IST" duration-ms="15710" status="PASS">
          <reporter-output>
          </reporter-output>
        </test-method> <!-- createTasks -->
        <test-method is-config="true" signature="Browser_tear_down()[pri:0, instance:viamaven.TC_Tasks_001_Test@3eb25e1a]" started-at="2022-08-03T12:22:21 IST" name="Browser_tear_down" finished-at="2022-08-03T12:22:22 IST" duration-ms="1011" status="PASS">
          <reporter-output>
            <line>
              <![CDATA[close]]>
            </line>
          </reporter-output>
        </test-method> <!-- Browser_tear_down -->
      </class> <!-- viamaven.TC_Tasks_001_Test -->
      <class name="viamaven.TC_Tasks_003_Test">
        <test-method is-config="true" signature="Browser_setup()[pri:0, instance:viamaven.TC_Tasks_003_Test@6743e411]" started-at="2022-08-03T12:21:56 IST" name="Browser_setup" finished-at="2022-08-03T12:21:59 IST" duration-ms="2761" status="PASS">
          <reporter-output>
          </reporter-output>
        </test-method> <!-- Browser_setup -->
        <test-method signature="createTasks()[pri:0, instance:viamaven.TC_Tasks_003_Test@6743e411]" started-at="2022-08-03T12:21:59 IST" name="createTasks" finished-at="2022-08-03T12:22:03 IST" duration-ms="4387" status="PASS">
          <reporter-output>
          </reporter-output>
        </test-method> <!-- createTasks -->
        <test-method is-config="true" signature="Browser_tear_down()[pri:0, instance:viamaven.TC_Tasks_003_Test@6743e411]" started-at="2022-08-03T12:22:03 IST" name="Browser_tear_down" finished-at="2022-08-03T12:22:04 IST" duration-ms="1173" status="PASS">
          <reporter-output>
            <line>
              <![CDATA[close]]>
            </line>
          </reporter-output>
        </test-method> <!-- Browser_tear_down -->
      </class> <!-- viamaven.TC_Tasks_003_Test -->
      <class name="viamaven.TC_Tasks_005_Test">
        <test-method is-config="true" signature="Browser_setup()[pri:0, instance:viamaven.TC_Tasks_005_Test@477b4cdf]" started-at="2022-08-03T12:22:22 IST" name="Browser_setup" finished-at="2022-08-03T12:22:24 IST" duration-ms="1424" status="PASS">
          <reporter-output>
          </reporter-output>
        </test-method> <!-- Browser_setup -->
        <test-method signature="createTasks()[pri:0, instance:viamaven.TC_Tasks_005_Test@477b4cdf]" started-at="2022-08-03T12:22:24 IST" name="createTasks" finished-at="2022-08-03T12:22:38 IST" duration-ms="14056" status="PASS">
          <reporter-output>
          </reporter-output>
        </test-method> <!-- createTasks -->
        <test-method is-config="true" signature="Browser_tear_down()[pri:0, instance:viamaven.TC_Tasks_005_Test@477b4cdf]" started-at="2022-08-03T12:22:38 IST" name="Browser_tear_down" finished-at="2022-08-03T12:22:39 IST" duration-ms="953" status="PASS">
          <reporter-output>
            <line>
              <![CDATA[close]]>
            </line>
          </reporter-output>
        </test-method> <!-- Browser_tear_down -->
      </class> <!-- viamaven.TC_Tasks_005_Test -->
    </test> <!-- Test -->
  </suite> <!-- Suite -->
</testng-results>
