<?xml version="1.0" encoding="UTF-8"?>
<!-- Generated by org.testng.reporters.JUnitXMLReporter -->
<testsuite ignored="0" hostname="LAPTOP-J1NIO2CG" failures="0" tests="3" name="Test" time="43.084" errors="0" timestamp="2022-08-03T12:22:39 IST">
  <testcase classname="viamaven.TC_Tasks_003_Test" name="createTasks" time="4.387"/>
  <testcase classname="viamaven.TC_Tasks_001_Test" name="createTasks" time="15.71"/>
  <testcase classname="viamaven.TC_Tasks_005_Test" name="createTasks" time="14.056"/>
</testsuite> <!-- Test -->
